                                                                                
                                                                                
      ███████╗███╗░░██╗░██████╗███████╗███╗░░░███╗██████╗░██╗░░░░░███████╗      
      ██╔════╝████╗░██║██╔════╝██╔════╝████╗░████║██╔══██╗██║░░░░░██╔════╝      
      █████╗░░██╔██╗██║╚█████╗░█████╗░░██╔████╔██║██████╦╝██║░░░░░█████╗░░      
      ██╔══╝░░██║╚████║░╚═══██╗██╔══╝░░██║╚██╔╝██║██╔══██╗██║░░░░░██╔══╝░░      
      ███████╗██║░╚███║██████╔╝███████╗██║░╚═╝░██║██████╦╝███████╗███████╗      
      ╚══════╝╚═╝░░╚══╝╚═════╝░╚══════╝╚═╝░░░░░╚═╝╚═════╝░╚══════╝╚══════╝      
                                                                                
       ░█████╗░███╗░░██╗░█████╗░██╗░░░░░██╗░░░██╗░██████╗███████╗██████╗░       
       ██╔══██╗████╗░██║██╔══██╗██║░░░░░╚██╗░██╔╝██╔════╝██╔════╝██╔══██╗       
       ███████║██╔██╗██║███████║██║░░░░░░╚████╔╝░╚█████╗░█████╗░░██████╔╝       
       ██╔══██║██║╚████║██╔══██║██║░░░░░░░╚██╔╝░░░╚═══██╗██╔══╝░░██╔══██╗       
       ██║░░██║██║░╚███║██║░░██║███████╗░░░██║░░░██████╔╝███████╗██║░░██║       
       ╚═╝░░╚═╝╚═╝░░╚══╝╚═╝░░╚═╝╚══════╝░░░╚═╝░░░╚═════╝░╚══════╝╚═╝░░╚═╝       
                                                                                
                          ---   Andrea Pellegrini  ---                          
                                                                                
                                                                                
                                  MIT license                                   
                                    v. 1.0.0                                    
                                                                                
          GitHub: https://github.com/andre-cloud/Ensemble_Analyser.git          
                                                                               

======================================================================
                          Calculation Input                          
======================================================================
Ensemble: 11 confromer(s)
Protocols: 5
Temperature: 298.15 K
CPU cores: 44

Protocol Steps:
000. → b97-3c/def2-mTZVP | SP 
 	thrG    : 0.25 kcal/mol
	thrB    : 1e-05 cm-1
	thrGMAX : 6 kcal/mol

001. → r2scan-3c/def2-mTZVPP | OPT+FREQ 
 	thrG    : 0.5 kcal/mol
	thrB    : 5e-05 cm-1
	thrGMAX : 3.5 kcal/mol

002. → wb97x-d4rev/def2-qzvpp | SP 
 	thrG    : 0.25 kcal/mol
	thrB    : 1e-05 cm-1
	thrGMAX : 6 kcal/mol

003. → B3LYP D4/def2-QZVPPD | FREQ 
 	thrG    : 0.5 kcal/mol
	thrB    : 5e-05 cm-1
	thrGMAX : 3.75 kcal/mol

======================================================================

======================================================================
                           PROTOCOL 0 - SP                           
======================================================================
Level: b97-3c/def2-mTZVP
Active conformers: 11
======================================================================
001. → CONF 001 | Protocol 0
⊗ No previous thermochemical data found for conformer 1: setting G, H, S, ZPVE to NaN.
	✓ E = -966.56656184 Eh | Time: 8.5s
002. → CONF 002 | Protocol 0
⊗ No previous thermochemical data found for conformer 2: setting G, H, S, ZPVE to NaN.
	✓ E = -966.56656638 Eh | Time: 8.6s
003. → CONF 003 | Protocol 0
⊗ No previous thermochemical data found for conformer 3: setting G, H, S, ZPVE to NaN.
	✓ E = -966.56491529 Eh | Time: 8.5s
[...]

Total elapsed time for protocol 0: 0:01:34.561081

**********************************************************************
                        Summary Before Pruning                       
**********************************************************************

Conformers    E [Eh]             G-E [Eh]    G [Eh]    B [cm-1]    ∆G [kcal/mol]    Pop [%]    Elap. time [sec]    # Cluster
------------  -----------------  ----------  --------  ----------  ---------------  ---------  ------------------  -----------
1             -966.566561842759  nan         nan       0.02506     nan              nan        8.49
2             -966.566566375643  nan         nan       0.02484     nan              nan        8.57
3             -966.564915292485  nan         nan       0.03329     nan              nan        8.50
4             -966.564812715069  nan         nan       0.03286     nan              nan        8.54
5             -966.558330812902  nan         nan       0.03059     nan              nan        8.66
6             -966.558040083384  nan         nan       0.03159     nan              nan        8.77
7             -966.555719126123  nan         nan       0.02826     nan              nan        8.64
8             -966.555710703914  nan         nan       0.02880     nan              nan        8.52
9             -966.553968233567  nan         nan       0.02886     nan              nan        8.38
10            -966.553591870827  nan         nan       0.02893     nan              nan        8.77
11            -966.553131368091  nan         nan       0.02954     nan              nan        8.62


~~~~~~~~~~~~~~~~~~~~~~~~~~~~~~
       Pruning sequence      
~~~~~~~~~~~~~~~~~~~~~~~~~~~~~~
Filtering conformers above 6 kcal/mol energy window

******************************
Conformers over energy window
******************************

         ∆E [kcal/mol]
-------  ---------------
Conf 7   6.81
Conf 8   6.81
Conf 9   7.91
Conf 10  8.14
Conf 11  8.43
✓ Deactivated 5 conformer(s)

No conformers deactivated by similarity check

✓ Pruning completed in 0.0008s
Initial: 11 → Final: 6 (54.5% retained)
Deactivated: 5


**********************************************************************
                        Summary After Pruning                        
**********************************************************************

Conformers    E [Eh]             G-E [Eh]    G [Eh]    B [cm-1]    ∆G [kcal/mol]    Pop [%]    Elap. time [sec]    # Cluster
------------  -----------------  ----------  --------  ----------  ---------------  ---------  ------------------  -----------
2             -966.566566375643  nan         nan       0.02484     0.00             43.01      8.57
1             -966.566561842759  nan         nan       0.02506     0.00             42.80      8.49
3             -966.564915292485  nan         nan       0.03329     1.04             7.48       8.50
4             -966.564812715069  nan         nan       0.03286     1.10             6.71       8.54
5             -966.558330812902  nan         nan       0.03059     5.17             0.01       8.66
6             -966.558040083384  nan         nan       0.03159     5.35             0.01       8.77

**************************************************
    Energetic Summary of the active conformers   
**************************************************

Conformer    ∆E [Eh]            Boltzamnn Pop. on ∆E    ∆(E+ZPVE) [Eh]    Boltzamnn Pop. on ∆(E+ZPVE)    ∆H [Eh]    Boltzamnn Pop. on ∆H    ∆G [Eh]    Boltzamnn Pop. on ∆G
-----------  -----------------  ----------------------  ----------------  -----------------------------  ---------  ----------------------  ---------  ----------------------
Conf 2       -966.566566375643  43.01                   nan               nan                            nan        nan                     nan        nan
Conf 1       -966.566561842759  42.80                   nan               nan                            nan        nan                     nan        nan
Conf 3       -966.564915292485  7.48                    nan               nan                            nan        nan                     nan        nan
Conf 4       -966.564812715069  6.71                    nan               nan                            nan        nan                     nan        nan
Conf 5       -966.558330812902  0.01                    nan               nan                            nan        nan                     nan        nan
Conf 6       -966.558040083384  0.01                    nan               nan                            nan        nan                     nan        nan

**************************************************
            Ensemble Average Energies            
**************************************************

T [K]    E_av [Eh]           E+ZPVE_av [Eh]    H_av [Eh]    G_av [Eh]
-------  ------------------  ----------------  -----------  -----------
298.15   -966.5663223637399  nan               nan          nan

----------------------------------------
          Spectra convolution          
----------------------------------------
⊗ No calculation of IR graphs. Skipping
⊗ No calculation of VCD graphs. Skipping
⊗ No calculation of UV graphs. Skipping
⊗ No calculation of ECD graphs. Skipping

✓ Sprectra convolution completed in 0.0868s


Protocol 0 completed in 0:01:34.653447
Active: 6 | Deactivated: 5

======================================================================
                            END PROTOCOL 0                           
======================================================================


======================================================================
                        PROTOCOL 1 - OPT+FREQ                        
======================================================================
Level: r2scan-3c/def2-mTZVPP
Active conformers: 6
======================================================================
001. → CONF 001 | Protocol 1
	✓ E = -966.84402123 Eh | Time: 264.3s | Imag. Freq 0
002. → CONF 002 | Protocol 1
	✓ E = -966.84389866 Eh | Time: 269.0s | Imag. Freq 0
003. → CONF 003 | Protocol 1
	✓ E = -966.84246714 Eh | Time: 246.9s | Imag. Freq 0
004. → CONF 004 | Protocol 1
	✓ E = -966.84235384 Eh | Time: 247.5s | Imag. Freq 0
005. → CONF 005 | Protocol 1
	✓ E = -966.83779221 Eh | Time: 332.8s | Imag. Freq 0
006. → CONF 006 | Protocol 1
	✓ E = -966.83749484 Eh | Time: 377.3s | Imag. Freq 0

Total elapsed time for protocol 1: 0:28:57.857529

**********************************************************************
                        Summary Before Pruning                       
**********************************************************************

Conformers    E [Eh]             G-E [Eh]             G [Eh]              B [cm-1]    ∆G [kcal/mol]    Pop [%]    Elap. time [sec]    # Cluster
------------  -----------------  -------------------  ------------------  ----------  ---------------  ---------  ------------------  -----------
1             -966.844021228332  0.15232760155754477  -966.6916936267745  0.02507     nan              nan        264.32
2             -966.843898659037  0.1522861155232249   -966.6916125435138  0.02489     nan              nan        269.02
3             -966.842467139309  0.15246332050605815  -966.6900038188029  0.03328     nan              nan        246.87
4             -966.842353837097  0.1524124171172616   -966.6899414199797  0.03273     nan              nan        247.46
5             -966.837792205694  0.15284063051728936  -966.6849515751767  0.02852     nan              nan        332.79
6             -966.837494837675  0.15297786457563234  -966.6845169730993  0.02930     nan              nan        377.27


~~~~~~~~~~~~~~~~~~~~~~~~~~~~~~
       Pruning sequence      
~~~~~~~~~~~~~~~~~~~~~~~~~~~~~~
Filtering conformers above 3.5 kcal/mol energy window

******************************
Conformers over energy window
******************************

        ∆E [kcal/mol]
------  ---------------
Conf 5  4.23
Conf 6  4.50
✓ Deactivated 2 conformer(s)

No conformers deactivated by similarity check

✓ Pruning completed in 0.0005s
Initial: 6 → Final: 4 (66.7% retained)
Deactivated: 2


**********************************************************************
                        Summary After Pruning                        
**********************************************************************

Conformers    E [Eh]             G-E [Eh]             G [Eh]              B [cm-1]    ∆G [kcal/mol]    Pop [%]    Elap. time [sec]    # Cluster
------------  -----------------  -------------------  ------------------  ----------  ---------------  ---------  ------------------  -----------
1             -966.844021228332  0.15232760155754477  -966.6916936267745  0.02507     0.00             44.63      264.32
2             -966.843898659037  0.1522861155232249   -966.6916125435138  0.02489     0.05             40.95      269.02
3             -966.842467139309  0.15246332050605815  -966.6900038188029  0.03328     1.06             7.45       246.87
4             -966.842353837097  0.1524124171172616   -966.6899414199797  0.03273     1.10             6.97       247.46

**************************************************
    Energetic Summary of the active conformers   
**************************************************

Conformer    ∆E [Eh]            Boltzamnn Pop. on ∆E    ∆(E+ZPVE) [Eh]      Boltzamnn Pop. on ∆(E+ZPVE)    ∆H [Eh]             Boltzamnn Pop. on ∆H    ∆G [Eh]             Boltzamnn Pop. on ∆G
-----------  -----------------  ----------------------  ------------------  -----------------------------  ------------------  ----------------------  ------------------  ----------------------
Conf 1       -966.844021228332  44.61                   -966.6475910088928  43.37                          -966.6329710092479  43.27                   -966.6916936267745  44.63
Conf 2       -966.843898659037  39.17                   -966.6474988075722  39.33                          -966.6328919343662  39.79                   -966.6916125435138  40.95
Conf 3       -966.842467139309  8.59                    -966.6461090466568  9.02                           -966.6314654954111  8.78                    -966.6900038188029  7.45
Conf 4       -966.842353837097  7.62                    -966.6460278893901  8.28                           -966.631397549066   8.17                    -966.6899414199797  6.97

**************************************************
            Ensemble Average Energies            
**************************************************

T [K]    E_av [Eh]           E+ZPVE_av [Eh]      H_av [Eh]           G_av [Eh]
-------  ------------------  ------------------  ------------------  ------------------
298.15   -966.8437125430996  -966.6472916936933  -966.6326789037934  -966.6914124412149

----------------------------------------
          Spectra convolution          
----------------------------------------

-----------------------------------
      IR Spectra convolution      
-----------------------------------
Spectra convolution results:
Shift: 0.85	FWHM: 5.74	Similarity: 99.64	Similarity Unweighted: 84.64	Time: 0:00:00.873867	Cycle: 90

-----------------------------------
      VCD Spectra convolution     
-----------------------------------
Spectra convolution results:
Shift: 0.85	FWHM: 4.00	Similarity: 99.60	Similarity Unweighted: 94.27	Time: 0:00:00.235392	Cycle: 60
⊗ No calculation of UV graphs. Skipping
⊗ No calculation of ECD graphs. Skipping

✓ Sprectra convolution completed in 1.2539s


Protocol 1 completed in 0:28:59.115012
Active: 4 | Deactivated: 2

======================================================================
                            END PROTOCOL 1                           
======================================================================


======================================================================
                           PROTOCOL 2 - SP                           
======================================================================
Level: wb97x-d4rev/def2-qzvpp
Active conformers: 4
======================================================================
001. → CONF 001 | Protocol 2
	✓ E = -967.64598650 Eh | Time: 107.8s
002. → CONF 002 | Protocol 2
	✓ E = -967.64585185 Eh | Time: 107.8s
003. → CONF 003 | Protocol 2
	✓ E = -967.64454925 Eh | Time: 106.6s
004. → CONF 004 | Protocol 2
	✓ E = -967.64442652 Eh | Time: 105.8s

Total elapsed time for protocol 2: 0:07:08.054879

**********************************************************************
                        Summary Before Pruning                       
**********************************************************************

Conformers    E [Eh]             G-E [Eh]             G [Eh]              B [cm-1]    ∆G [kcal/mol]    Pop [%]    Elap. time [sec]    # Cluster
------------  -----------------  -------------------  ------------------  ----------  ---------------  ---------  ------------------  -----------
1             -967.645986503336  0.15232760155754477  -967.4936589017784  0.02507     nan              nan        107.78
2             -967.64585185224   0.1522861155232249   -967.4935657367167  0.02489     nan              nan        107.79
3             -967.64454925377   0.15246332050605815  -967.492085933264   0.03328     nan              nan        106.63
4             -967.644426518304  0.1524124171172616   -967.4920141011868  0.03273     nan              nan        105.80


~~~~~~~~~~~~~~~~~~~~~~~~~~~~~~
       Pruning sequence      
~~~~~~~~~~~~~~~~~~~~~~~~~~~~~~
Filtering conformers above 6 kcal/mol energy window
✓ No conformers above threshold

No conformers deactivated by similarity check

✓ Pruning completed in 0.0004s
Initial: 4 → Final: 4 (100.0% retained)
Deactivated: 0


**********************************************************************
                        Summary After Pruning                        
**********************************************************************

Conformers    E [Eh]             G-E [Eh]             G [Eh]              B [cm-1]    ∆G [kcal/mol]    Pop [%]    Elap. time [sec]    # Cluster
------------  -----------------  -------------------  ------------------  ----------  ---------------  ---------  ------------------  -----------
1             -967.645986503336  0.15232760155754477  -967.4936589017784  0.02507     0.00             44.06      107.78
2             -967.64585185224   0.1522861155232249   -967.4935657367167  0.02489     0.06             39.91      107.79
3             -967.64454925377   0.15246332050605815  -967.492085933264   0.03328     0.99             8.32       106.63
4             -967.644426518304  0.1524124171172616   -967.4920141011868  0.03273     1.03             7.71       105.80

**************************************************
    Energetic Summary of the active conformers   
**************************************************

Conformer    ∆E [Eh]            Boltzamnn Pop. on ∆E    ∆(E+ZPVE) [Eh]      Boltzamnn Pop. on ∆(E+ZPVE)    ∆H [Eh]             Boltzamnn Pop. on ∆H    ∆G [Eh]             Boltzamnn Pop. on ∆G
-----------  -----------------  ----------------------  ------------------  -----------------------------  ------------------  ----------------------  ------------------  ----------------------
Conf 1       -967.645986503336  43.93                   -967.4495562838968  42.65                          -967.4349362842518  42.57                   -967.4936589017784  44.06
Conf 2       -967.64585185224   38.08                   -967.4494520007752  38.19                          -967.4348451275691  38.65                   -967.4935657367167  39.91
Conf 3       -967.64454925377   9.58                    -967.4481911611178  10.04                          -967.4335476098722  9.77                    -967.492085933264   8.32
Conf 4       -967.644426518304  8.41                    -967.4481005705971  9.12                           -967.4334702302731  9.00                    -967.4920141011868  7.71

**************************************************
            Ensemble Average Energies            
**************************************************

T [K]    E_av [Eh]           E+ZPVE_av [Eh]      H_av [Eh]           G_av [Eh]
-------  ------------------  ------------------  ------------------  ------------------
298.15   -967.6456663442161  -967.4492466362248  -967.4346333172836  -967.4933640186741

----------------------------------------
          Spectra convolution          
----------------------------------------
⊗ No calculation of IR graphs. Skipping
⊗ No calculation of VCD graphs. Skipping
⊗ No calculation of UV graphs. Skipping
⊗ No calculation of ECD graphs. Skipping

✓ Sprectra convolution completed in 0.0836s


Protocol 2 completed in 0:07:08.142737
Active: 4 | Deactivated: 0

======================================================================
                            END PROTOCOL 2                           
======================================================================


======================================================================
                          PROTOCOL 3 - FREQ                          
======================================================================
Level: B3LYP D4/def2-QZVPPD
Active conformers: 4
======================================================================
001. → CONF 001 | Protocol 3
	✓ E = -966.97590791 Eh | Time: 2762.3s | Imag. Freq 0
002. → CONF 002 | Protocol 3
	✓ E = -966.97570334 Eh | Time: 2772.1s | Imag. Freq 0
003. → CONF 003 | Protocol 3
	✓ E = -966.97435313 Eh | Time: 2624.2s | Imag. Freq 0
004. → CONF 004 | Protocol 3
	✓ E = -966.97425101 Eh | Time: 2677.4s | Imag. Freq 0

Total elapsed time for protocol 3: 3:00:36.049882

**********************************************************************
                        Summary Before Pruning                       
**********************************************************************

Conformers    E [Eh]             G-E [Eh]             G [Eh]              B [cm-1]    ∆G [kcal/mol]    Pop [%]    Elap. time [sec]    # Cluster
------------  -----------------  -------------------  ------------------  ----------  ---------------  ---------  ------------------  -----------
1             -966.975907908181  0.15391147995580923  -966.8219964282251  0.02507     nan              nan        2762.27
2             -966.975703341707  0.153760678978756    -966.8219426627282  0.02489     nan              nan        2772.08
3             -966.974353133434  0.15395328740760306  -966.8203998460264  0.03328     nan              nan        2624.20
4             -966.974251010288  0.15377425386816412  -966.8204767564198  0.03273     nan              nan        2677.41


~~~~~~~~~~~~~~~~~~~~~~~~~~~~~~
       Pruning sequence      
~~~~~~~~~~~~~~~~~~~~~~~~~~~~~~
Filtering conformers above 3.75 kcal/mol energy window
✓ No conformers above threshold

No conformers deactivated by similarity check

✓ Pruning completed in 0.0004s
Initial: 4 → Final: 4 (100.0% retained)
Deactivated: 0


**********************************************************************
                        Summary After Pruning                        
**********************************************************************

Conformers    E [Eh]             G-E [Eh]             G [Eh]              B [cm-1]    ∆G [kcal/mol]    Pop [%]    Elap. time [sec]    # Cluster
------------  -----------------  -------------------  ------------------  ----------  ---------------  ---------  ------------------  -----------
1             -966.975907908181  0.15391147995580923  -966.8219964282251  0.02507     0.00             42.94      2762.27
2             -966.975703341707  0.153760678978756    -966.8219426627282  0.02489     0.03             40.57      2772.08
4             -966.974251010288  0.15377425386816412  -966.8204767564198  0.03273     0.95             8.58       2677.41
3             -966.974353133434  0.15395328740760306  -966.8203998460264  0.03328     1.00             7.91       2624.20

**************************************************
    Energetic Summary of the active conformers   
**************************************************

Conformer    ∆E [Eh]            Boltzamnn Pop. on ∆E    ∆(E+ZPVE) [Eh]      Boltzamnn Pop. on ∆(E+ZPVE)    ∆H [Eh]             Boltzamnn Pop. on ∆H    ∆G [Eh]             Boltzamnn Pop. on ∆G
-----------  -----------------  ----------------------  ------------------  -----------------------------  ------------------  ----------------------  ------------------  ----------------------
Conf 1       -966.975907908181  46.07                   -966.7792323300883  43.59                          -966.7645929669437  43.64                   -966.8219964282251  42.94
Conf 2       -966.975703341707  37.09                   -966.7791211912688  38.75                          -966.764492762362   39.25                   -966.8219426627282  40.57
Conf 4       -966.974251010288  7.96                    -966.7777296185803  8.87                           -966.7630687028312  8.68                    -966.8204767564198  8.58
Conf 3       -966.974353133434  8.87                    -966.7777222302085  8.80                           -966.7630409179617  8.43                    -966.8203998460264  7.91

**************************************************
            Ensemble Average Energies            
**************************************************

T [K]    E_av [Eh]           E+ZPVE_av [Eh]     H_av [Eh]           G_av [Eh]
-------  ------------------  -----------------  ------------------  ------------------
298.15   -966.9755621982915  -966.778923132367  -966.7642905433372  -966.8217179202562

----------------------------------------
          Spectra convolution          
----------------------------------------

-----------------------------------
      IR Spectra convolution      
-----------------------------------
Spectra convolution results:
Shift: 0.86	FWHM: 4.00	Similarity: 99.64	Similarity Unweighted: 85.21	Time: 0:00:00.425557	Cycle: 96

-----------------------------------
      VCD Spectra convolution     
-----------------------------------
Spectra convolution results:
Shift: 0.97	FWHM: 4.00	Similarity: 99.60	Similarity Unweighted: 94.61	Time: 0:00:00.284486	Cycle: 69
⊗ No calculation of UV graphs. Skipping
⊗ No calculation of ECD graphs. Skipping

✓ Sprectra convolution completed in 0.8724s


Protocol 3 completed in 3:00:36.926409
Active: 4 | Deactivated: 0

======================================================================
                            END PROTOCOL 3                           
======================================================================


Saved IR_comparison.png
Saved VCD_comparison.png

======================================================================
                        Calculation COMPLETED                        
======================================================================
Total elapsed time: 3:38:18.837605
Final conformers: 4
======================================================================

**********************************************************************
                 CALCULATIONS COMPLETED SUCCESSFULLY                 
**********************************************************************
