                                                                                
                                                                                
      ███████╗███╗░░██╗░██████╗███████╗███╗░░░███╗██████╗░██╗░░░░░███████╗      
      ██╔════╝████╗░██║██╔════╝██╔════╝████╗░████║██╔══██╗██║░░░░░██╔════╝      
      █████╗░░██╔██╗██║╚█████╗░█████╗░░██╔████╔██║██████╦╝██║░░░░░█████╗░░      
      ██╔══╝░░██║╚████║░╚═══██╗██╔══╝░░██║╚██╔╝██║██╔══██╗██║░░░░░██╔══╝░░      
      ███████╗██║░╚███║██████╔╝███████╗██║░╚═╝░██║██████╦╝███████╗███████╗      
      ╚══════╝╚═╝░░╚══╝╚═════╝░╚══════╝╚═╝░░░░░╚═╝╚═════╝░╚══════╝╚══════╝      
                                                                                
       ░█████╗░███╗░░██╗░█████╗░██╗░░░░░██╗░░░██╗░██████╗███████╗██████╗░       
       ██╔══██╗████╗░██║██╔══██╗██║░░░░░╚██╗░██╔╝██╔════╝██╔════╝██╔══██╗       
       ███████║██╔██╗██║███████║██║░░░░░░╚████╔╝░╚█████╗░█████╗░░██████╔╝       
       ██╔══██║██║╚████║██╔══██║██║░░░░░░░╚██╔╝░░░╚═══██╗██╔══╝░░██╔══██╗       
       ██║░░██║██║░╚███║██║░░██║███████╗░░░██║░░░██████╔╝███████╗██║░░██║       
       ╚═╝░░╚═╝╚═╝░░╚══╝╚═╝░░╚═╝╚══════╝░░░╚═╝░░░╚═════╝░╚══════╝╚═╝░░╚═╝       
                                                                                
                          ---   Andrea Pellegrini  ---                          
                                                                                
                                                                                
                                  MIT license                                   
                                    v. 1.0.0                                    
                                                                                
          GitHub: https://github.com/andre-cloud/Ensemble_Analyser.git          
                                                                                

======================================================================
                          Calculation Input                           
======================================================================
Ensemble: 8 confromer(s)
Protocols: 8
Temperature: 298.15 K
CPU cores: 44

Protocol Steps:
000. → r2scan-3c/def2-mTZVPP [CPCM(CHCl3)] | FREQ | Opt Freq S0
 	thrG    : 0.5 kcal/mol
	thrB    : 5e-05 cm-1
	thrGMAX : 3.75 kcal/mol

001. → CAM-B3LYP D4/def2-tzvpp [CPCM(CHCl3)] | SP | SP S0
 	thrG    : 0.25 kcal/mol
	thrB    : 1e-05 cm-1
	thrGMAX : 6 kcal/mol

002. → r2scan-3c/def2-mTZVPP [CPCM(CHCl3)] | SP | Prep Opt S1
 	thrG    : 0.25 kcal/mol
	thrB    : 1e-05 cm-1
	thrGMAX : 6 kcal/mol

003. → r2scan-3c/def2-mTZVPP [CPCM(CHCl3)] | OPT+FREQ | Opt Freq S1
 	thrG    : 0.5 kcal/mol
	thrB    : 5e-05 cm-1
	thrGMAX : 3.5 kcal/mol

004. → CAM-B3LYP D4/def2-tzvpp [CPCM(CHCl3)] | SP | Prepare SP S1
 	thrG    : 0.25 kcal/mol
	thrB    : 1e-05 cm-1
	thrGMAX : 6 kcal/mol

005. → CAM-B3LYP D4/def2-tzvpp [CPCM(CHCl3)] | SP | SP S1
 	thrG    : 0.25 kcal/mol
	thrB    : 1e-05 cm-1
	thrGMAX : 6 kcal/mol

006. → r2scan-3c/def2-mTZVPP [CPCM(CHCl3)] | OPT+FREQ | Opt Freq T1
 	thrG    : 0.5 kcal/mol
	thrB    : 5e-05 cm-1
	thrGMAX : 3.5 kcal/mol

007. → CAM-B3LYP D4/def2-tzvpp [CPCM(CHCl3)] | SP | SP T1
 	thrG    : 0.25 kcal/mol
	thrB    : 1e-05 cm-1
	thrGMAX : 6 kcal/mol

======================================================================

======================================================================
                          PROTOCOL 0 - FREQ                           
======================================================================
Level: r2scan-3c/def2-mTZVPP
Active conformers: 8
======================================================================
001. → CONF 001 | Protocol 0
	✓ E = -1728.12934499 Eh | Time: 1581.5s | Imag. Freq 0 
002. → CONF 002 | Protocol 0
	✓ E = -1728.12854045 Eh | Time: 1583.1s | Imag. Freq 0 
003. → CONF 003 | Protocol 0
	✓ E = -1728.12849328 Eh | Time: 1589.8s | Imag. Freq 0 
004. → CONF 004 | Protocol 0
	✓ E = -1728.12758964 Eh | Time: 1609.5s | Imag. Freq 0 
005. → CONF 005 | Protocol 0
	✓ E = -1728.12671335 Eh | Time: 1633.5s | Imag. Freq 0 
006. → CONF 006 | Protocol 0
	✓ E = -1728.12675317 Eh | Time: 1618.8s | Imag. Freq 0 
007. → CONF 007 | Protocol 0
	✓ E = -1728.12767174 Eh | Time: 1599.7s | Imag. Freq 0 
008. → CONF 008 | Protocol 0
	✓ E = -1728.12577442 Eh | Time: 1625.5s | Imag. Freq 0 

Total elapsed time for protocol 0: 3:34:01.706283

**********************************************************************
                        Summary Before Pruning                        
**********************************************************************

Conformers    E [Eh]              G-E [Eh]             G [Eh]               B [cm-1]    ∆G [kcal/mol]    Pop [%]    Elap. time [sec]    # Cluster
------------  ------------------  -------------------  -------------------  ----------  ---------------  ---------  ------------------  -----------
1             -1728.129344993753  0.4643884005147356   -1727.6649565932382  0.00547     nan              nan        1581.54
2             -1728.128540446828  0.46415237165479084  -1727.6643880751733  0.00539     nan              nan        1583.10
3             -1728.128493283893  0.4643394901077045   -1727.6641537937853  0.00539     nan              nan        1589.80
4             -1728.127589638509  0.46348358969589754  -1727.6641060488132  0.00544     nan              nan        1609.47
5             -1728.126713346781  0.46288169984927663  -1727.6638316469316  0.00538     nan              nan        1633.45
6             -1728.126753173986  0.4629537533155599   -1727.6637994206703  0.00538     nan              nan        1618.84
7             -1728.127671735997  0.4640834731985706   -1727.6635882627984  0.00534     nan              nan        1599.67
8             -1728.125774419955  0.4628592318797473   -1727.6629151880752  0.00536     nan              nan        1625.47


~~~~~~~~~~~~~~~~~~~~~~~~~~~~~~
       Pruning sequence       
~~~~~~~~~~~~~~~~~~~~~~~~~~~~~~
⊗ Pruning skipped for Protocol Step 0.

✓ Pruning completed in 0.0004s
Initial: 8 → Final: 8 (100.0% retained)
Deactivated: 0


**********************************************************************
                        Summary After Pruning                         
**********************************************************************

Conformers    E [Eh]              G-E [Eh]             G [Eh]               B [cm-1]    ∆G [kcal/mol]    Pop [%]    Elap. time [sec]    # Cluster
------------  ------------------  -------------------  -------------------  ----------  ---------------  ---------  ------------------  -----------
1             -1728.129344993753  0.4643884005147356   -1727.6649565932382  0.00547     0.00             30.05      1581.54
2             -1728.128540446828  0.46415237165479084  -1727.6643880751733  0.00539     0.36             16.45      1583.10
3             -1728.128493283893  0.4643394901077045   -1727.6641537937853  0.00539     0.50             12.84      1589.80
4             -1728.127589638509  0.46348358969589754  -1727.6641060488132  0.00544     0.53             12.20      1609.47
5             -1728.126713346781  0.46288169984927663  -1727.6638316469316  0.00538     0.71             9.12       1633.45
6             -1728.126753173986  0.4629537533155599   -1727.6637994206703  0.00538     0.73             8.82       1618.84
7             -1728.127671735997  0.4640834731985706   -1727.6635882627984  0.00534     0.86             7.05       1599.67
8             -1728.125774419955  0.4628592318797473   -1727.6629151880752  0.00536     1.28             3.46       1625.47

**************************************************
    Energetic Summary of the active conformers    
**************************************************

Conformer    ∆E [Eh]             Boltzamnn Pop. on ∆E    ∆(E+ZPVE) [Eh]       Boltzamnn Pop. on ∆(E+ZPVE)    ∆H [Eh]              Boltzamnn Pop. on ∆H    ∆G [Eh]              Boltzamnn Pop. on ∆G
-----------  ------------------  ----------------------  -------------------  -----------------------------  -------------------  ----------------------  -------------------  ----------------------
Conf 1       -1728.129344993753  43.37                   -1727.600515537341   38.91                          -1727.5685153577297  38.67                   -1727.6649565932382  30.05
Conf 2       -1728.128540446828  18.49                   -1727.5997942118795  18.12                          -1727.5678183580287  18.47                   -1727.6643880751733  16.45
Conf 3       -1728.128493283893  17.59                   -1727.599719004701   16.73                          -1727.5677141667413  16.54                   -1727.6641537937853  12.84
Conf 4       -1728.127589638509  6.75                    -1727.5990624038145  8.34                           -1727.5670517583333  8.20                    -1727.6641060488132  12.20
Conf 5       -1728.126713346781  2.67                    -1727.5984336577806  4.29                           -1727.56642963353    4.24                    -1727.6638316469316  9.12
Conf 6       -1728.126753173986  2.78                    -1727.5984250967051  4.25                           -1727.5664242700939  4.22                    -1727.6637994206703  8.82
Conf 7       -1728.127671735997  7.36                    -1727.599002229734   7.83                           -1727.5670354656186  8.06                    -1727.6635882627984  7.05
Conf 8       -1728.125774419955  0.99                    -1727.5974601711516  1.53                           -1727.5655086868364  1.60                    -1727.6629151880752  3.46

**************************************************
            Ensemble Average Energies             
**************************************************

T [K]    E_av [Eh]           E+ZPVE_av [Eh]       H_av [Eh]            G_av [Eh]
-------  ------------------  -------------------  -------------------  ------------------
298.15   -1728.128627146053  -1727.5997871341465  -1727.5677900551857  -1727.664284479933

----------------------------------------
          Spectra convolution           
----------------------------------------

-----------------------------------
      IR Spectra convolution       
-----------------------------------
Using default parameters, Reference IR Spectra not found
Shift: 1	FWHM: 10

-----------------------------------
      VCD Spectra convolution      
-----------------------------------
Using default parameters, Reference VCD Spectra not found
Shift: 1	FWHM: 10
⊗ No calculation of UV graphs. Skipping
⊗ No calculation of ECD graphs. Skipping

✓ Sprectra convolution completed in 0.5504s


Protocol 0 completed in 3:34:02.270130
Active: 8 | Deactivated: 0

======================================================================
                            END PROTOCOL 0                            
======================================================================


======================================================================
                           PROTOCOL 1 - SP                            
======================================================================
Level: CAM-B3LYP D4/def2-tzvpp
Active conformers: 8
======================================================================
001. → CONF 001 | Protocol 1
	✓ E = -1728.35065434 Eh | Time: 314.4s
002. → CONF 002 | Protocol 1
	✓ E = -1728.34988958 Eh | Time: 314.2s
003. → CONF 003 | Protocol 1
	✓ E = -1728.34982432 Eh | Time: 314.6s
004. → CONF 004 | Protocol 1
	✓ E = -1728.34945795 Eh | Time: 314.4s
005. → CONF 005 | Protocol 1
	✓ E = -1728.34864070 Eh | Time: 313.8s
006. → CONF 006 | Protocol 1
	✓ E = -1728.34864820 Eh | Time: 313.7s
007. → CONF 007 | Protocol 1
	✓ E = -1728.34902291 Eh | Time: 319.0s
008. → CONF 008 | Protocol 1
	✓ E = -1728.34771914 Eh | Time: 320.6s

Total elapsed time for protocol 1: 0:42:05.043164

**********************************************************************
                        Summary Before Pruning                        
**********************************************************************

Conformers    E [Eh]              G-E [Eh]             G [Eh]               B [cm-1]    ∆G [kcal/mol]    Pop [%]    Elap. time [sec]    # Cluster
------------  ------------------  -------------------  -------------------  ----------  ---------------  ---------  ------------------  -----------
1             -1728.350654340839  0.4643884005147356   -1727.8862659403242  0.00547     nan              nan        314.37
2             -1728.34988957631   0.46415237165479084  -1727.8857372046552  0.00539     nan              nan        314.24
3             -1728.349824318298  0.4643394901077045   -1727.8854848281903  0.00539     nan              nan        314.59
4             -1728.349457952494  0.46348358969589754  -1727.8859743627982  0.00544     nan              nan        314.35
5             -1728.348640702173  0.46288169984927663  -1727.8857590023238  0.00538     nan              nan        313.84
6             -1728.348648203038  0.4629537533155599   -1727.8856944497225  0.00538     nan              nan        313.70
7             -1728.349022912871  0.4640834731985706   -1727.8849394396725  0.00534     nan              nan        318.97
8             -1728.347719135403  0.4628592318797473   -1727.8848599035232  0.00536     nan              nan        320.63


~~~~~~~~~~~~~~~~~~~~~~~~~~~~~~
       Pruning sequence       
~~~~~~~~~~~~~~~~~~~~~~~~~~~~~~
⊗ Pruning skipped for Protocol Step 1.

✓ Pruning completed in 0.0005s
Initial: 8 → Final: 8 (100.0% retained)
Deactivated: 0


**********************************************************************
                        Summary After Pruning                         
**********************************************************************

Conformers    E [Eh]              G-E [Eh]             G [Eh]               B [cm-1]    ∆G [kcal/mol]    Pop [%]    Elap. time [sec]    # Cluster
------------  ------------------  -------------------  -------------------  ----------  ---------------  ---------  ------------------  -----------
1             -1728.350654340839  0.4643884005147356   -1727.8862659403242  0.00547     0.00             23.02      314.37
4             -1728.349457952494  0.46348358969589754  -1727.8859743627982  0.00544     0.18             16.91      314.35
5             -1728.348640702173  0.46288169984927663  -1727.8857590023238  0.00538     0.32             13.46      313.84
2             -1728.34988957631   0.46415237165479084  -1727.8857372046552  0.00539     0.33             13.15      314.24
6             -1728.348648203038  0.4629537533155599   -1727.8856944497225  0.00538     0.36             12.57      313.70
3             -1728.349824318298  0.4643394901077045   -1727.8854848281903  0.00539     0.49             10.06      314.59
7             -1728.349022912871  0.4640834731985706   -1727.8849394396725  0.00534     0.83             5.65       318.97
8             -1728.347719135403  0.4628592318797473   -1727.8848599035232  0.00536     0.88             5.19       320.63

**************************************************
    Energetic Summary of the active conformers    
**************************************************

Conformer    ∆E [Eh]             Boltzamnn Pop. on ∆E    ∆(E+ZPVE) [Eh]       Boltzamnn Pop. on ∆(E+ZPVE)    ∆H [Eh]              Boltzamnn Pop. on ∆H    ∆G [Eh]              Boltzamnn Pop. on ∆G
-----------  ------------------  ----------------------  -------------------  -----------------------------  -------------------  ----------------------  -------------------  ----------------------
Conf 1       -1728.350654340839  38.45                   -1727.8218248844269  33.16                          -1727.7898247048156  32.98                   -1727.8862659403242  23.02
Conf 4       -1728.349457952494  10.82                   -1727.8209307177995  12.86                          -1727.7889200723182  12.64                   -1727.8859743627982  16.91
Conf 5       -1728.348640702173  4.55                    -1727.8203610131727  7.03                           -1727.7883569889223  6.96                    -1727.8857590023238  13.46
Conf 2       -1728.34988957631   17.10                   -1727.8211433413614  16.11                          -1727.7891674875107  16.43                   -1727.8857372046552  13.15
Conf 6       -1728.348648203038  4.59                    -1727.8203201257572  6.73                           -1727.788319299146   6.69                    -1727.8856944497225  12.57
Conf 3       -1728.349824318298  15.95                   -1727.821050039106   14.59                          -1727.7890452011463  14.44                   -1727.8854848281903  10.06
Conf 7       -1728.349022912871  6.82                    -1727.820353406608   6.97                           -1727.7883866424927  7.18                    -1727.8849394396725  5.65
Conf 8       -1728.347719135403  1.71                    -1727.8194048865996  2.55                           -1727.7874534022844  2.67                    -1727.8848599035232  5.19

**************************************************
            Ensemble Average Energies             
**************************************************

T [K]    E_av [Eh]            E+ZPVE_av [Eh]       H_av [Eh]            G_av [Eh]
-------  -------------------  -------------------  -------------------  -------------------
298.15   -1728.3499163146412  -1727.8211185146529  -1727.7891201820985  -1727.8857806258009

----------------------------------------
          Spectra convolution           
----------------------------------------
⊗ No calculation of IR graphs. Skipping
⊗ No calculation of VCD graphs. Skipping
⊗ No calculation of UV graphs. Skipping
⊗ No calculation of ECD graphs. Skipping

✓ Sprectra convolution completed in 0.0020s


Protocol 1 completed in 0:42:05.057312
Active: 8 | Deactivated: 0

======================================================================
                            END PROTOCOL 1                            
======================================================================


======================================================================
                           PROTOCOL 2 - SP                            
======================================================================
Level: r2scan-3c/def2-mTZVPP
Active conformers: 8
======================================================================
001. → CONF 001 | Protocol 2
	✓ E = -1728.12934488 Eh | Time: 208.5s
002. → CONF 002 | Protocol 2
	✓ E = -1728.12854043 Eh | Time: 223.4s
003. → CONF 003 | Protocol 2
	✓ E = -1728.12849328 Eh | Time: 217.4s
004. → CONF 004 | Protocol 2
	✓ E = -1728.12758961 Eh | Time: 215.3s
005. → CONF 005 | Protocol 2
	✓ E = -1728.12670945 Eh | Time: 215.5s
006. → CONF 006 | Protocol 2
	✓ E = -1728.12675303 Eh | Time: 229.0s
007. → CONF 007 | Protocol 2
	✓ E = -1728.12767169 Eh | Time: 256.3s
008. → CONF 008 | Protocol 2
	✓ E = -1728.12577472 Eh | Time: 234.5s

Total elapsed time for protocol 2: 0:30:00.240956

**********************************************************************
                        Summary Before Pruning                        
**********************************************************************

Conformers    E [Eh]              G-E [Eh]             G [Eh]               B [cm-1]    ∆G [kcal/mol]    Pop [%]    Elap. time [sec]    # Cluster
------------  ------------------  -------------------  -------------------  ----------  ---------------  ---------  ------------------  -----------
1             -1728.129344884751  0.4643884005147356   -1727.6649564842362  0.00547     nan              nan        208.45
2             -1728.128540429267  0.46415237165479084  -1727.6643880576123  0.00539     nan              nan        223.37
3             -1728.128493284733  0.4643394901077045   -1727.6641537946252  0.00539     nan              nan        217.39
4             -1728.127589614743  0.46348358969589754  -1727.6641060250472  0.00544     nan              nan        215.33
5             -1728.126709453466  0.46288169984927663  -1727.6638277536167  0.00538     nan              nan        215.48
6             -1728.126753029178  0.4629537533155599   -1727.6637992758624  0.00538     nan              nan        229.05
7             -1728.127671687657  0.4640834731985706   -1727.6635882144585  0.00534     nan              nan        256.25
8             -1728.125774717885  0.4628592318797473   -1727.6629154860052  0.00536     nan              nan        234.54


~~~~~~~~~~~~~~~~~~~~~~~~~~~~~~
       Pruning sequence       
~~~~~~~~~~~~~~~~~~~~~~~~~~~~~~
⊗ Pruning skipped for Protocol Step 2.

✓ Pruning completed in 0.0004s
Initial: 8 → Final: 8 (100.0% retained)
Deactivated: 0


**********************************************************************
                        Summary After Pruning                         
**********************************************************************

Conformers    E [Eh]              G-E [Eh]             G [Eh]               B [cm-1]    ∆G [kcal/mol]    Pop [%]    Elap. time [sec]    # Cluster
------------  ------------------  -------------------  -------------------  ----------  ---------------  ---------  ------------------  -----------
1             -1728.129344884751  0.4643884005147356   -1727.6649564842362  0.00547     0.00             30.06      208.45
2             -1728.128540429267  0.46415237165479084  -1727.6643880576123  0.00539     0.36             16.46      223.37
3             -1728.128493284733  0.4643394901077045   -1727.6641537946252  0.00539     0.50             12.84      217.39
4             -1728.127589614743  0.46348358969589754  -1727.6641060250472  0.00544     0.53             12.21      215.33
5             -1728.126709453466  0.46288169984927663  -1727.6638277536167  0.00538     0.71             9.09       215.48
6             -1728.126753029178  0.4629537533155599   -1727.6637992758624  0.00538     0.73             8.82       229.05
7             -1728.127671687657  0.4640834731985706   -1727.6635882144585  0.00534     0.86             7.05       256.25
8             -1728.125774717885  0.4628592318797473   -1727.6629154860052  0.00536     1.28             3.46       234.54

**************************************************
    Energetic Summary of the active conformers    
**************************************************

Conformer    ∆E [Eh]             Boltzamnn Pop. on ∆E    ∆(E+ZPVE) [Eh]       Boltzamnn Pop. on ∆(E+ZPVE)    ∆H [Eh]              Boltzamnn Pop. on ∆H    ∆G [Eh]              Boltzamnn Pop. on ∆G
-----------  ------------------  ----------------------  -------------------  -----------------------------  -------------------  ----------------------  -------------------  ----------------------
Conf 1       -1728.129344884751  43.37                   -1727.600515428339   38.92                          -1727.5685152487276  38.67                   -1727.6649564842362  30.06
Conf 2       -1728.128540429267  18.49                   -1727.5997941943185  18.12                          -1727.5678183404677  18.48                   -1727.6643880576123  16.46
Conf 3       -1728.128493284733  17.59                   -1727.599719005541   16.74                          -1727.5677141675812  16.55                   -1727.6641537946252  12.84
Conf 4       -1728.127589614743  6.75                    -1727.5990623800485  8.35                           -1727.5670517345673  8.20                    -1727.6641060250472  12.21
Conf 5       -1728.126709453466  2.66                    -1727.5984297644657  4.27                           -1727.5664257402152  4.22                    -1727.6638277536167  9.09
Conf 6       -1728.126753029178  2.78                    -1727.5984249518972  4.25                           -1727.566424125286   4.22                    -1727.6637992758624  8.82
Conf 7       -1728.127671687657  7.37                    -1727.599002181394   7.83                           -1727.5670354172787  8.06                    -1727.6635882144585  7.05
Conf 8       -1728.125774717885  0.99                    -1727.5974604690816  1.53                           -1727.5655089847664  1.60                    -1727.6629154860052  3.46

**************************************************
            Ensemble Average Energies             
**************************************************

T [K]    E_av [Eh]            E+ZPVE_av [Eh]     H_av [Eh]            G_av [Eh]
-------  -------------------  -----------------  -------------------  -------------------
298.15   -1728.1286271649926  -1727.59978712352  -1727.5677900453131  -1727.6642842228487

----------------------------------------
          Spectra convolution           
----------------------------------------
⊗ No calculation of IR graphs. Skipping
⊗ No calculation of VCD graphs. Skipping
⊗ No calculation of UV graphs. Skipping
⊗ No calculation of ECD graphs. Skipping

✓ Sprectra convolution completed in 0.0019s


Protocol 2 completed in 0:30:00.254830
Active: 8 | Deactivated: 0

======================================================================
                            END PROTOCOL 2                            
======================================================================


======================================================================
                        PROTOCOL 3 - OPT+FREQ                         
======================================================================
Level: r2scan-3c/def2-mTZVPP
Active conformers: 8
======================================================================
001. → CONF 001 | Protocol 3
	✓ E = -1728.04140683 Eh | Time: 6634.1s | Imag. Freq 0 
002. → CONF 002 | Protocol 3
	✓ E = -1728.04165930 Eh | Time: 6830.2s | Imag. Freq 0 
003. → CONF 003 | Protocol 3
	✓ E = -1728.04129146 Eh | Time: 6773.4s | Imag. Freq 0 
004. → CONF 004 | Protocol 3
	✓ E = -1728.04171786 Eh | Time: 7575.0s | Imag. Freq 0 
005. → CONF 005 | Protocol 3
	✓ E = -1728.04042715 Eh | Time: 7017.5s | Imag. Freq 0 
006. → CONF 006 | Protocol 3
	✓ E = -1728.04358707 Eh | Time: 7056.2s | Imag. Freq 0 
007. → CONF 007 | Protocol 3
	✓ E = -1728.04601593 Eh | Time: 6992.8s | Imag. Freq 0 
008. → CONF 008 | Protocol 3
	✓ E = -1728.04377315 Eh | Time: 6974.5s | Imag. Freq 0 

Total elapsed time for protocol 3: 15:30:54.374562

**********************************************************************
                        Summary Before Pruning                        
**********************************************************************

Conformers    E [Eh]              G-E [Eh]             G [Eh]               B [cm-1]    ∆G [kcal/mol]    Pop [%]    Elap. time [sec]    # Cluster
------------  ------------------  -------------------  -------------------  ----------  ---------------  ---------  ------------------  -----------
1             -1728.041406826134  0.46145336262543424  -1727.5799534635087  0.00539     nan              nan        6634.07
2             -1728.04165929717   0.4614984638160422   -1727.580160833354   0.00532     nan              nan        6830.17
3             -1728.041291456566  0.46185565147675334  -1727.5794358050891  0.00531     nan              nan        6773.45
4             -1728.0417178556    0.4616746642841463   -1727.5800431913158  0.00540     nan              nan        7574.96
5             -1728.040427150718  0.4617139149177092   -1727.5787132358003  0.00536     nan              nan        7017.46
6             -1728.043587073986  0.4618092448538391   -1727.581777829132   0.00535     nan              nan        7056.22
7             -1728.046015930756  0.4615604604316559   -1727.5844554703244  0.00527     nan              nan        6992.78
8             -1728.043773153758  0.46186537522794424  -1727.58190777853    0.00533     nan              nan        6974.55


~~~~~~~~~~~~~~~~~~~~~~~~~~~~~~
       Pruning sequence       
~~~~~~~~~~~~~~~~~~~~~~~~~~~~~~
⊗ Pruning skipped for Protocol Step 3.

✓ Pruning completed in 0.0004s
Initial: 8 → Final: 8 (100.0% retained)
Deactivated: 0


**********************************************************************
                        Summary After Pruning                         
**********************************************************************

Conformers    E [Eh]              G-E [Eh]             G [Eh]               B [cm-1]    ∆G [kcal/mol]    Pop [%]    Elap. time [sec]    # Cluster
------------  ------------------  -------------------  -------------------  ----------  ---------------  ---------  ------------------  -----------
7             -1728.046015930756  0.4615604604316559   -1727.5844554703244  0.00527     0.00             86.11      6992.78
8             -1728.043773153758  0.46186537522794424  -1727.58190777853    0.00533     1.60             5.79       6974.55
6             -1728.043587073986  0.4618092448538391   -1727.581777829132   0.00535     1.68             5.04       7056.22
2             -1728.04165929717   0.4614984638160422   -1727.580160833354   0.00532     2.69             0.91       6830.17
4             -1728.0417178556    0.4616746642841463   -1727.5800431913158  0.00540     2.77             0.80       7574.96
1             -1728.041406826134  0.46145336262543424  -1727.5799534635087  0.00539     2.83             0.73       6634.07
3             -1728.041291456566  0.46185565147675334  -1727.5794358050891  0.00531     3.15             0.42       6773.45
5             -1728.040427150718  0.4617139149177092   -1727.5787132358003  0.00536     3.60             0.20       7017.46

**************************************************
    Energetic Summary of the active conformers    
**************************************************

Conformer    ∆E [Eh]             Boltzamnn Pop. on ∆E    ∆(E+ZPVE) [Eh]       Boltzamnn Pop. on ∆(E+ZPVE)    ∆H [Eh]              Boltzamnn Pop. on ∆H    ∆G [Eh]              Boltzamnn Pop. on ∆G
-----------  ------------------  ----------------------  -------------------  -----------------------------  -------------------  ----------------------  -------------------  ----------------------
Conf 7       -1728.046015930756  82.89                   -1727.52020750687    83.06                          -1727.488097868265   84.54                   -1727.5844554703244  86.11
Conf 8       -1728.043773153758  7.70                    -1727.5179208751451  7.36                           -1727.4857006922307  6.67                    -1727.58190777853    5.79
Conf 6       -1728.043587073986  6.32                    -1727.5177751872852  6.31                           -1727.4855426284616  5.64                    -1727.581777829132   5.04
Conf 2       -1728.04165929717   0.82                    -1727.51587636598    0.84                           -1727.483778778366   0.87                    -1727.580160833354   0.91
Conf 4       -1728.0417178556    0.87                    -1727.51597896139    0.94                           -1727.483743247579   0.84                    -1727.5800431913158  0.80
Conf 1       -1728.041406826134  0.63                    -1727.5157428608575  0.73                           -1727.4835959871739  0.72                    -1727.5799534635087  0.73
Conf 3       -1728.041291456566  0.56                    -1727.515416327932   0.52                           -1727.4833090620323  0.53                    -1727.5794358050891  0.42
Conf 5       -1728.040427150718  0.22                    -1727.5146590731806  0.23                           -1727.4824250485358  0.21                    -1727.5787132358003  0.20

**************************************************
            Ensemble Average Energies             
**************************************************

T [K]    E_av [Eh]           E+ZPVE_av [Eh]       H_av [Eh]            G_av [Eh]
-------  ------------------  -------------------  -------------------  -------------------
298.15   -1728.045549029123  -1727.5197388852087  -1727.4876506004282  -1727.5840331444674

----------------------------------------
          Spectra convolution           
----------------------------------------

-----------------------------------
      IR Spectra convolution       
-----------------------------------
Using default parameters, Reference IR Spectra not found
Shift: 1	FWHM: 10

-----------------------------------
      VCD Spectra convolution      
-----------------------------------
Using default parameters, Reference VCD Spectra not found
Shift: 1	FWHM: 10
⊗ No calculation of UV graphs. Skipping
⊗ No calculation of ECD graphs. Skipping

✓ Sprectra convolution completed in 0.2971s


Protocol 3 completed in 15:30:54.684535
Active: 8 | Deactivated: 0

======================================================================
                            END PROTOCOL 3                            
======================================================================


======================================================================
                           PROTOCOL 4 - SP                            
======================================================================
Level: CAM-B3LYP D4/def2-tzvpp
Active conformers: 8
======================================================================
001. → CONF 001 | Protocol 4
	✓ E = -1728.33144370 Eh | Time: 313.1s
002. → CONF 002 | Protocol 4
	✓ E = -1728.33026747 Eh | Time: 313.2s
003. → CONF 003 | Protocol 4
	✓ E = -1728.33031618 Eh | Time: 315.5s
004. → CONF 004 | Protocol 4
	✓ E = -1728.32889353 Eh | Time: 309.9s
005. → CONF 005 | Protocol 4
	✓ E = -1728.32803817 Eh | Time: 310.9s
006. → CONF 006 | Protocol 4
	✓ E = -1728.32779135 Eh | Time: 315.9s
007. → CONF 007 | Protocol 4
	✓ E = -1728.32948086 Eh | Time: 316.2s
008. → CONF 008 | Protocol 4
	✓ E = -1728.32683582 Eh | Time: 312.7s

Total elapsed time for protocol 4: 0:41:47.917447

**********************************************************************
                        Summary Before Pruning                        
**********************************************************************

Conformers    E [Eh]              G-E [Eh]             G [Eh]               B [cm-1]    ∆G [kcal/mol]    Pop [%]    Elap. time [sec]    # Cluster
------------  ------------------  -------------------  -------------------  ----------  ---------------  ---------  ------------------  -----------
1             -1728.331443702375  0.46145336262543424  -1727.8699903397496  0.00539     nan              nan        313.08
2             -1728.330267465632  0.4614984638160422   -1727.868769001816   0.00532     nan              nan        313.22
3             -1728.330316179593  0.46185565147675334  -1727.8684605281162  0.00531     nan              nan        315.54
4             -1728.328893527906  0.4616746642841463   -1727.867218863622   0.00540     nan              nan        309.88
5             -1728.328038173441  0.4617139149177092   -1727.8663242585233  0.00536     nan              nan        310.93
6             -1728.327791346106  0.4618092448538391   -1727.8659821012523  0.00535     nan              nan        315.93
7             -1728.329480862108  0.4615604604316559   -1727.8679204016764  0.00527     nan              nan        316.15
8             -1728.326835821157  0.46186537522794424  -1727.864970445929   0.00533     nan              nan        312.67


~~~~~~~~~~~~~~~~~~~~~~~~~~~~~~
       Pruning sequence       
~~~~~~~~~~~~~~~~~~~~~~~~~~~~~~
Filtering conformers above 6 kcal/mol energy window
✓ No conformers above threshold


******************************
Conformer pruned by ∆B and ∆E 
******************************

Check    Ref    ∆E [kcal/mol]    ∆B [cm⁻¹]    ∆m [Debye]    λi RMSD    Deactivate
-------  -----  ---------------  -----------  ------------  ---------  ------------
3        2      0.19             0.00         0.51          0.05       True

✓ Pruning completed in 0.0049s
Initial: 8 → Final: 7 (87.5% retained)
Deactivated: 1


**********************************************************************
                        Summary After Pruning                         
**********************************************************************

Conformers    E [Eh]              G-E [Eh]             G [Eh]               B [cm-1]    ∆G [kcal/mol]    Pop [%]    Elap. time [sec]    # Cluster
------------  ------------------  -------------------  -------------------  ----------  ---------------  ---------  ------------------  -----------
1             -1728.331443702375  0.46145336262543424  -1727.8699903397496  0.00539     0.00             67.64      313.08
2             -1728.330267465632  0.4614984638160422   -1727.868769001816   0.00532     0.77             18.54      313.22
7             -1728.329480862108  0.4615604604316559   -1727.8679204016764  0.00527     1.30             7.54       316.15
4             -1728.328893527906  0.4616746642841463   -1727.867218863622   0.00540     1.74             3.59       309.88
5             -1728.328038173441  0.4617139149177092   -1727.8663242585233  0.00536     2.30             1.39       310.93
6             -1728.327791346106  0.4618092448538391   -1727.8659821012523  0.00535     2.52             0.97       315.93
8             -1728.326835821157  0.46186537522794424  -1727.864970445929   0.00533     3.15             0.33       312.67

**************************************************
    Energetic Summary of the active conformers    
**************************************************

Conformer    ∆E [Eh]             Boltzamnn Pop. on ∆E    ∆(E+ZPVE) [Eh]       Boltzamnn Pop. on ∆(E+ZPVE)    ∆H [Eh]              Boltzamnn Pop. on ∆H    ∆G [Eh]              Boltzamnn Pop. on ∆G
-----------  ------------------  ----------------------  -------------------  -----------------------------  -------------------  ----------------------  -------------------  ----------------------
Conf 1       -1728.331443702375  65.14                   -1727.8057797370984  67.98                          -1727.7736328634148  67.61                   -1727.8699903397496  67.64
Conf 2       -1728.330267465632  18.73                   -1727.8044845344418  17.23                          -1727.772386946828   18.06                   -1727.868769001816   18.54
Conf 7       -1728.329480862108  8.14                    -1727.803672438222   7.29                           -1727.771562799617   7.54                    -1727.8679204016764  7.54
Conf 4       -1728.328893527906  4.37                    -1727.803154633696   4.21                           -1727.7709189198852  3.81                    -1727.867218863622   3.59
Conf 5       -1728.328038173441  1.76                    -1727.8022700959036  1.65                           -1727.7700360712588  1.50                    -1727.8663242585233  1.39
Conf 6       -1728.327791346106  1.36                    -1727.8019794594054  1.21                           -1727.7697469005818  1.10                    -1727.8659821012523  0.97
Conf 8       -1728.326835821157  0.49                    -1727.8009835425441  0.42                           -1727.7687633596297  0.39                    -1727.864970445929   0.33

**************************************************
            Ensemble Average Energies             
**************************************************

T [K]    E_av [Eh]            E+ZPVE_av [Eh]       H_av [Eh]            G_av [Eh]
-------  -------------------  -------------------  -------------------  -------------------
298.15   -1728.3308197412089  -1727.8051682083556  -1727.7730328967773  -1727.8694019197367

----------------------------------------
          Spectra convolution           
----------------------------------------
⊗ No calculation of IR graphs. Skipping
⊗ No calculation of VCD graphs. Skipping
⊗ No calculation of UV graphs. Skipping
⊗ No calculation of ECD graphs. Skipping

✓ Sprectra convolution completed in 0.0018s


Protocol 4 completed in 0:41:47.934902
Active: 7 | Deactivated: 1

======================================================================
                            END PROTOCOL 4                            
======================================================================

======================================================================
                           PROTOCOL 5 - SP                            
======================================================================
Level: CAM-B3LYP D4/def2-tzvpp
Active conformers: 8
======================================================================
001. → CONF 001 | Protocol 5
	✓ E = -1728.24195217 Eh | Time: 699.9s
002. → CONF 002 | Protocol 5
	✓ E = -1728.24101002 Eh | Time: 733.3s
003. → CONF 003 | Protocol 5
	✓ E = -1728.24308442 Eh | Time: 750.0s
004. → CONF 004 | Protocol 5
	✓ E = -1728.24429564 Eh | Time: 663.4s
005. → CONF 005 | Protocol 5
	✓ E = -1728.24510265 Eh | Time: 686.9s
006. → CONF 006 | Protocol 5
	✓ E = -1728.24514517 Eh | Time: 766.5s
007. → CONF 007 | Protocol 5
	✓ E = -1728.24355463 Eh | Time: 704.1s
008. → CONF 008 | Protocol 5
	✓ E = -1728.24550052 Eh | Time: 651.8s

Total elapsed time for protocol 5: 1:34:16.163782

**********************************************************************
                        Summary Before Pruning                        
**********************************************************************

Conformers    E [Eh]              G-E [Eh]             G [Eh]               B [cm-1]    ∆G [kcal/mol]    Pop [%]    Elap. time [sec]    # Cluster
------------  ------------------  -------------------  -------------------  ----------  ---------------  ---------  ------------------  -----------
1             -1728.241952173627  0.46145336262543424  -1727.7804988110015  0.00539     nan              nan        699.87
2             -1728.241010022711  0.4614984638160422   -1727.779511558895   0.00532     nan              nan        733.28
3             -1728.243084423642  0.46185565147675334  -1727.7812287721652  0.00531     nan              nan        750.03
4             -1728.244295639191  0.4616746642841463   -1727.7826209749069  0.00540     nan              nan        663.40
5             -1728.245102649501  0.4617139149177092   -1727.7833887345832  0.00536     nan              nan        686.89
6             -1728.245145172147  0.4618092448538391   -1727.7833359272931  0.00535     nan              nan        766.49
7             -1728.243554628002  0.4615604604316559   -1727.7819941675702  0.00527     nan              nan        704.09
8             -1728.245500521427  0.46186537522794424  -1727.783635146199   0.00533     nan              nan        651.79


~~~~~~~~~~~~~~~~~~~~~~~~~~~~~~
       Pruning sequence       
~~~~~~~~~~~~~~~~~~~~~~~~~~~~~~
⊗ Pruning skipped for Protocol Step 5.

✓ Pruning completed in 0.0002s
Initial: 8 → Final: 8 (100.0% retained)
Deactivated: 0


**********************************************************************
                        Summary After Pruning                         
**********************************************************************

Conformers    E [Eh]              G-E [Eh]             G [Eh]               B [cm-1]    ∆G [kcal/mol]    Pop [%]    Elap. time [sec]    # Cluster
------------  ------------------  -------------------  -------------------  ----------  ---------------  ---------  ------------------  -----------
8             -1728.245500521427  0.46186537522794424  -1727.783635146199   0.00533     0.00             31.82      651.79
5             -1728.245102649501  0.4617139149177092   -1727.7833887345832  0.00536     0.15             24.51      686.89
6             -1728.245145172147  0.4618092448538391   -1727.7833359272931  0.00535     0.19             23.18      766.49
4             -1728.244295639191  0.4616746642841463   -1727.7826209749069  0.00540     0.64             10.86      663.40
7             -1728.243554628002  0.4615604604316559   -1727.7819941675702  0.00527     1.03             5.59       704.09
3             -1728.243084423642  0.46185565147675334  -1727.7812287721652  0.00531     1.51             2.49       750.03
1             -1728.241952173627  0.46145336262543424  -1727.7804988110015  0.00539     1.97             1.15       699.87
2             -1728.241010022711  0.4614984638160422   -1727.779511558895   0.00532     2.59             0.40       733.28

**************************************************
    Energetic Summary of the active conformers    
**************************************************

Conformer    ∆E [Eh]             Boltzamnn Pop. on ∆E    ∆(E+ZPVE) [Eh]       Boltzamnn Pop. on ∆(E+ZPVE)    ∆H [Eh]              Boltzamnn Pop. on ∆H    ∆G [Eh]              Boltzamnn Pop. on ∆G
-----------  ------------------  ----------------------  -------------------  -----------------------------  -------------------  ----------------------  -------------------  ----------------------
Conf 8       -1728.245500521427  34.99                   -1727.7196482428142  33.40                          -1727.6874280598997  33.34                   -1727.783635146199   31.82
Conf 5       -1728.245102649501  22.96                   -1727.7193345719636  23.95                          -1727.6871005473188  23.57                   -1727.7833887345832  24.51
Conf 6       -1728.245145172147  24.01                   -1727.7193332854463  23.92                          -1727.6871007266227  23.57                   -1727.7833359272931  23.18
Conf 4       -1728.244295639191  9.76                    -1727.718556744981   10.51                          -1727.68632103117    10.32                   -1727.7826209749069  10.86
Conf 7       -1728.243554628002  4.45                    -1727.7177462041159  4.45                           -1727.6856365655108  5.00                    -1727.7819941675702  5.59
Conf 3       -1728.243084423642  2.70                    -1727.717209295008   2.52                           -1727.6851020291083  2.84                    -1727.7812287721652  2.49
Conf 1       -1728.241952173627  0.81                    -1727.7162882083503  0.95                           -1727.6841413346667  1.02                    -1727.7804988110015  1.15
Conf 2       -1728.241010022711  0.30                    -1727.7152270915208  0.31                           -1727.683129503907   0.35                    -1727.779511558895   0.40

**************************************************
            Ensemble Average Energies             
**************************************************

T [K]    E_av [Eh]            E+ZPVE_av [Eh]       H_av [Eh]            G_av [Eh]
-------  -------------------  -------------------  -------------------  ------------------
298.15   -1728.2450118501768  -1727.7191914811237  -1727.6869553346094  -1727.783191074417

----------------------------------------
          Spectra convolution           
----------------------------------------
⊗ No calculation of IR graphs. Skipping
⊗ No calculation of VCD graphs. Skipping
⊗ No calculation of UV graphs. Skipping
⊗ No calculation of ECD graphs. Skipping

✓ Sprectra convolution completed in 0.0018s


Protocol 5 completed in 1:34:16.170460
Active: 8 | Deactivated: 0

======================================================================
                            END PROTOCOL 5                            
======================================================================


======================================================================
                        PROTOCOL 6 - OPT+FREQ                         
======================================================================
Level: r2scan-3c/def2-mTZVPP
Active conformers: 8
======================================================================
001. → CONF 001 | Protocol 6
	✓ E = -1728.04359708 Eh | Time: 3400.6s | Imag. Freq 0 
002. → CONF 002 | Protocol 6
	✓ E = -1728.04467568 Eh | Time: 3430.7s | Imag. Freq 0 
003. → CONF 003 | Protocol 6
	✓ E = -1728.04465535 Eh | Time: 3538.2s | Imag. Freq 0 
004. → CONF 004 | Protocol 6
	✓ E = -1728.04554000 Eh | Time: 3464.3s | Imag. Freq 0 
005. → CONF 005 | Protocol 6
	✓ E = -1728.04653341 Eh | Time: 3766.7s | Imag. Freq 0 
006. → CONF 006 | Protocol 6
	✓ E = -1728.04646862 Eh | Time: 3467.6s | Imag. Freq 0 
007. → CONF 007 | Protocol 6
	✓ E = -1728.04543446 Eh | Time: 3482.8s | Imag. Freq 0 
008. → CONF 008 | Protocol 6
	✓ E = -1728.04700127 Eh | Time: 3444.2s | Imag. Freq 0 

Total elapsed time for protocol 6: 7:46:35.620199

**********************************************************************
                        Summary Before Pruning                        
**********************************************************************

Conformers    E [Eh]              G-E [Eh]             G [Eh]               B [cm-1]    ∆G [kcal/mol]    Pop [%]    Elap. time [sec]    # Cluster
------------  ------------------  -------------------  -------------------  ----------  ---------------  ---------  ------------------  -----------
1             -1728.043597080331  0.4602499984559927   -1727.583347081875   0.00540     nan              nan        3400.61
2             -1728.04467567607   0.4603170984735243   -1727.5843585775965  0.00533     nan              nan        3430.75
3             -1728.044655354109  0.4606719924729532   -1727.583983361636   0.00532     nan              nan        3538.22
4             -1728.04554000176   0.4605116791169621   -1727.585028322643   0.00540     nan              nan        3464.31
5             -1728.046533407727  0.46057309331467877  -1727.5859603144124  0.00537     nan              nan        3766.75
6             -1728.046468623655  0.46065598239215433  -1727.585812641263   0.00536     nan              nan        3467.56
7             -1728.045434461755  0.46043324494667104  -1727.5850012168082  0.00528     nan              nan        3482.77
8             -1728.047001267163  0.4605871979144922   -1727.5864140692486  0.00534     nan              nan        3444.18


~~~~~~~~~~~~~~~~~~~~~~~~~~~~~~
       Pruning sequence       
~~~~~~~~~~~~~~~~~~~~~~~~~~~~~~
⊗ Pruning skipped for Protocol Step 6.

✓ Pruning completed in 0.0002s
Initial: 8 → Final: 8 (100.0% retained)
Deactivated: 0


**********************************************************************
                        Summary After Pruning                         
**********************************************************************

Conformers    E [Eh]              G-E [Eh]             G [Eh]               B [cm-1]    ∆G [kcal/mol]    Pop [%]    Elap. time [sec]    # Cluster
------------  ------------------  -------------------  -------------------  ----------  ---------------  ---------  ------------------  -----------
8             -1728.047001267163  0.4605871979144922   -1727.5864140692486  0.00534     0.00             35.35      3444.18
5             -1728.046533407727  0.46057309331467877  -1727.5859603144124  0.00537     0.28             21.85      3766.75
6             -1728.046468623655  0.46065598239215433  -1727.585812641263   0.00536     0.38             18.69      3467.56
4             -1728.04554000176   0.4605116791169621   -1727.585028322643   0.00540     0.87             8.14       3464.31
7             -1728.045434461755  0.46043324494667104  -1727.5850012168082  0.00528     0.89             7.91       3482.77
2             -1728.04467567607   0.4603170984735243   -1727.5843585775965  0.00533     1.29             4.00       3430.75
3             -1728.044655354109  0.4606719924729532   -1727.583983361636   0.00532     1.53             2.69       3538.22
1             -1728.043597080331  0.4602499984559927   -1727.583347081875   0.00540     1.92             1.37       3400.61

**************************************************
    Energetic Summary of the active conformers    
**************************************************

Conformer    ∆E [Eh]             Boltzamnn Pop. on ∆E    ∆(E+ZPVE) [Eh]       Boltzamnn Pop. on ∆(E+ZPVE)    ∆H [Eh]              Boltzamnn Pop. on ∆H    ∆G [Eh]              Boltzamnn Pop. on ∆G
-----------  ------------------  ----------------------  -------------------  -----------------------------  -------------------  ----------------------  -------------------  ----------------------
Conf 8       -1728.047001267163  36.02                   -1727.521294472335   35.36                          -1727.489071194674   35.19                   -1727.5864140692486  35.35
Conf 5       -1728.046533407727  21.94                   -1727.5208663441424  22.46                          -1727.4886262653322  21.96                   -1727.5859603144124  21.85
Conf 6       -1728.046468623655  20.49                   -1727.520756406788   19.99                          -1727.4885179053651  19.58                   -1727.585812641263   18.69
Conf 4       -1728.04554000176   7.66                    -1727.5199017797775  8.08                           -1727.4876575346268  7.87                    -1727.585028322643   8.14
Conf 7       -1728.045434461755  6.85                    -1727.5197546859947  6.92                           -1727.4876142430253  7.52                    -1727.5850012168082  7.91
Conf 2       -1728.04467567607   3.06                    -1727.5190387754246  3.24                           -1727.4869158625797  3.59                    -1727.5843585775965  4.00
Conf 3       -1728.044655354109  3.00                    -1727.5189053880042  2.81                           -1727.486774028936   3.09                    -1727.583983361636   2.69
Conf 1       -1728.043597080331  0.98                    -1727.5180428543888  1.13                           -1727.4858843533486  1.20                    -1727.583347081875   1.37

**************************************************
            Ensemble Average Energies             
**************************************************

T [K]    E_av [Eh]            E+ZPVE_av [Eh]       H_av [Eh]            G_av [Eh]
-------  -------------------  -------------------  -------------------  -------------------
298.15   -1728.0463953838453  -1727.5206946884111  -1727.4884578909432  -1727.5857882514285

----------------------------------------
          Spectra convolution           
----------------------------------------

-----------------------------------
      IR Spectra convolution       
-----------------------------------
Using default parameters, Reference IR Spectra not found
Shift: 1	FWHM: 10

-----------------------------------
      VCD Spectra convolution      
-----------------------------------
Using default parameters, Reference VCD Spectra not found
Shift: 1	FWHM: 10
⊗ No calculation of UV graphs. Skipping
⊗ No calculation of ECD graphs. Skipping

✓ Sprectra convolution completed in 0.2206s


Protocol 6 completed in 7:46:35.846066
Active: 8 | Deactivated: 0

======================================================================
                            END PROTOCOL 6                            
======================================================================


======================================================================
                           PROTOCOL 7 - SP                            
======================================================================
Level: CAM-B3LYP D4/def2-tzvpp
Active conformers: 8
======================================================================
001. → CONF 001 | Protocol 7
	✓ E = -1728.24471963 Eh | Time: 339.9s
002. → CONF 002 | Protocol 7
	✓ E = -1728.24567300 Eh | Time: 340.4s
003. → CONF 003 | Protocol 7
	✓ E = -1728.24564572 Eh | Time: 331.0s
004. → CONF 004 | Protocol 7
	✓ E = -1728.24679823 Eh | Time: 334.8s
005. → CONF 005 | Protocol 7
	✓ E = -1728.24761186 Eh | Time: 334.2s
006. → CONF 006 | Protocol 7
	✓ E = -1728.24764546 Eh | Time: 335.9s
007. → CONF 007 | Protocol 7
	✓ E = -1728.24620113 Eh | Time: 334.5s
008. → CONF 008 | Protocol 7
	✓ E = -1728.24804368 Eh | Time: 331.2s

Total elapsed time for protocol 7: 0:44:42.132805

**********************************************************************
                        Summary Before Pruning                        
**********************************************************************

Conformers    E [Eh]              G-E [Eh]             G [Eh]               B [cm-1]    ∆G [kcal/mol]    Pop [%]    Elap. time [sec]    # Cluster
------------  ------------------  -------------------  -------------------  ----------  ---------------  ---------  ------------------  -----------
1             -1728.244719630904  0.4602499984559927   -1727.784469632448   0.00540     nan              nan        339.88
2             -1728.245672995576  0.4603170984735243   -1727.7853558971024  0.00533     nan              nan        340.43
3             -1728.245645724518  0.4606719924729532   -1727.784973732045   0.00532     nan              nan        330.96
4             -1728.246798231035  0.4605116791169621   -1727.786286551918   0.00540     nan              nan        334.75
5             -1728.247611861849  0.46057309331467877  -1727.7870387685343  0.00537     nan              nan        334.16
6             -1728.247645456373  0.46065598239215433  -1727.7869894739808  0.00536     nan              nan        335.92
7             -1728.246201126831  0.46043324494667104  -1727.7857678818843  0.00528     nan              nan        334.46
8             -1728.248043681987  0.4605871979144922   -1727.7874564840724  0.00534     nan              nan        331.20


~~~~~~~~~~~~~~~~~~~~~~~~~~~~~~
       Pruning sequence       
~~~~~~~~~~~~~~~~~~~~~~~~~~~~~~
⊗ Pruning skipped for Protocol Step 7.

✓ Pruning completed in 0.0002s
Initial: 8 → Final: 8 (100.0% retained)
Deactivated: 0


**********************************************************************
                        Summary After Pruning                         
**********************************************************************

Conformers    E [Eh]              G-E [Eh]             G [Eh]               B [cm-1]    ∆G [kcal/mol]    Pop [%]    Elap. time [sec]    # Cluster
------------  ------------------  -------------------  -------------------  ----------  ---------------  ---------  ------------------  -----------
8             -1728.248043681987  0.4605871979144922   -1727.7874564840724  0.00534     0.00             34.12      331.20
5             -1728.247611861849  0.46057309331467877  -1727.7870387685343  0.00537     0.26             21.92      334.16
6             -1728.247645456373  0.46065598239215433  -1727.7869894739808  0.00536     0.29             20.80      335.92
4             -1728.246798231035  0.4605116791169621   -1727.786286551918   0.00540     0.73             9.88       334.75
7             -1728.246201126831  0.46043324494667104  -1727.7857678818843  0.00528     1.06             5.70       334.46
2             -1728.245672995576  0.4603170984735243   -1727.7853558971024  0.00533     1.32             3.68       340.43
3             -1728.245645724518  0.4606719924729532   -1727.784973732045   0.00532     1.56             2.46       330.96
1             -1728.244719630904  0.4602499984559927   -1727.784469632448   0.00540     1.87             1.44       339.88

**************************************************
    Energetic Summary of the active conformers    
**************************************************

Conformer    ∆E [Eh]             Boltzamnn Pop. on ∆E    ∆(E+ZPVE) [Eh]       Boltzamnn Pop. on ∆(E+ZPVE)    ∆H [Eh]              Boltzamnn Pop. on ∆H    ∆G [Eh]              Boltzamnn Pop. on ∆G
-----------  ------------------  ----------------------  -------------------  -----------------------------  -------------------  ----------------------  -------------------  ----------------------
Conf 8       -1728.248043681987  34.64                   -1727.722336887159   33.98                          -1727.6901136094978  33.92                   -1727.7874564840724  34.12
Conf 5       -1728.247611861849  21.92                   -1727.7219447982643  22.43                          -1727.689704719454   22.00                   -1727.7870387685343  21.92
Conf 6       -1728.247645456373  22.71                   -1727.721933239506   22.16                          -1727.689694738083   21.76                   -1727.7869894739808  20.80
Conf 4       -1728.246798231035  9.26                    -1727.7211600090525  9.76                           -1727.6889157639018  9.53                    -1727.786286551918   9.88
Conf 7       -1728.246201126831  4.92                    -1727.7205213510708  4.96                           -1727.6883809081014  5.41                    -1727.7857678818843  5.70
Conf 2       -1728.245672995576  2.81                    -1727.7200360949305  2.97                           -1727.6879131820856  3.30                    -1727.7853558971024  3.68
Conf 3       -1728.245645724518  2.73                    -1727.7198957584133  2.56                           -1727.687764399345   2.81                    -1727.784973732045   2.46
Conf 1       -1728.244719630904  1.02                    -1727.7191654049618  1.18                           -1727.6870069039217  1.26                    -1727.784469632448   1.44

**************************************************
            Ensemble Average Energies             
**************************************************

T [K]    E_av [Eh]          E+ZPVE_av [Eh]       H_av [Eh]            G_av [Eh]
-------  -----------------  -------------------  -------------------  -------------------
298.15   -1728.24748669493  -1727.7217863482163  -1727.6895467498548  -1727.7868745360709

----------------------------------------
          Spectra convolution           
----------------------------------------
⊗ No calculation of IR graphs. Skipping
⊗ No calculation of VCD graphs. Skipping
⊗ No calculation of UV graphs. Skipping
⊗ No calculation of ECD graphs. Skipping

✓ Sprectra convolution completed in 0.0017s


Protocol 7 completed in 0:44:42.139611
Active: 8 | Deactivated: 0

======================================================================
                            END PROTOCOL 7                            
======================================================================

Saved IR_comparison.png
Saved VCD_comparison.png

======================================================================
                        Calculation COMPLETED                         
======================================================================
Total elapsed time: 1:7:04:24.357846
Final conformers: 8
======================================================================

**********************************************************************
                 CALCULATIONS COMPLETED SUCCESSFULLY                  
**********************************************************************
